
ARCHIVAGE RESULTAT32182955_1352124054_xxxkandjar.000
ARCHIVAGE RESULTAT32182955_1352124145_xxxkandjar.000
ARCHIVAGE RESULTAT32182955_1352124195_xxxkandjar.000
ARCHIVAGE RESULTAT32182955_1352124253_xxxkandjar.000
ARCHIVAGE RESULTAT32182955_1352124307_xxxkandjar.000
ARCHIVAGE RESULTAT32182955_1352124415_xxxkandjar.000
ARCHIVAGE RESULTAT32182955_1352124487_xxxkandjar.000
ARCHIVAGE RESULTAT32182955_1352124566_xxxkandjar.000
ARCHIVAGE RESULTAT32182955_1352124603_xxxkandjar.000
ARCHIVAGE RESULTAT32182955_1352124775_xxxkandjar.000
ARCHIVAGE RESULTAT32182955_1352124880_xxxkandjar.000
ARCHIVAGE RESULTAT32182955_1352124914_xxxkandjar.000
ARCHIVAGE RESULTAT32182955_1352125005_xxxkandjar.000
ARCHIVAGE RESULTAT32182955_1352125057_xxxkandjar.000
ARCHIVAGE RESULTAT32182955_1352125121_xxxkandjar.000
ARCHIVAGE RESULTAT32182955_1352125192_xxxkandjar.000
ARCHIVAGE RESULTAT32182955_1352125264_xxxkandjar.000
ARCHIVAGE RESULTAT32182955_1352125286_xxxkandjar.000
ARCHIVAGE RESULTAT32182955_1352125382_xxxkandjar.000
ARCHIVAGE RESULTAT32182955_1352125440_xxxkandjar.000
ARCHIVAGE RESULTAT32182955_1352125489_xxxkandjar.000
ARCHIVAGE RESULTAT32182955_1352125588_xxxkandjar.000
ARCHIVAGE RESULTAT32182955_1352137026_xxxkandjar.000
ARCHIVAGE RESULTAT32182955_1352137076_xxxkandjar.000
ARCHIVAGE RESULTAT32182955_1352137115_xxxkandjar.000
DEBUT ecritureResultat(cheminResultat, nomFichierArchive) :
D:\001_PAA\010_Programme\hud-paa\trunk\Java\HH\.xml\resultat et 32182955_1352137175_xxxkandjar.010
ARCHIVAGE RESULTAT32182955_1352137175_xxxkandjar.010
ARCHIVAGE RESULTAT32182955_1352137219_xxxkandjar.000
ARCHIVAGE RESULTAT32182955_1352137296_xxxkandjar.000
ARCHIVAGE RESULTAT32182955_1352137385_xxxkandjar.222
ARCHIVAGE RESULTAT32183065_1352122933_xxxkandjar.000
ARCHIVAGE RESULTAT32183065_1352125196_xxxkandjar.000
ARCHIVAGE RESULTAT32183065_1352125232_xxxkandjar.000
ARCHIVAGE RESULTAT32183065_1352125272_xxxkandjar.000
ARCHIVAGE RESULTAT32183065_1352125301_xxxkandjar.000
ARCHIVAGE RESULTAT32183065_1352125336_xxxkandjar.222
DEBUT ecritureResultat(cheminResultat, nomFichierArchive) :
D:\001_PAA\010_Programme\hud-paa\trunk\Java\HH\.xml\resultat et 32350265_1352378951_xxxkandjar.100
ARCHIVAGE RESULTAT32350265_1352378951_xxxkandjar.100
DEBUT ecritureResultat(cheminResultat, nomFichierArchive) :
D:\001_PAA\010_Programme\hud-paa\trunk\Java\HH\.xml\resultat et 32350265_1352381986_xxxkandjar.010
ARCHIVAGE RESULTAT32350265_1352381986_xxxkandjar.010
Class Calcul : private void initTabB()
Impossible d'initialiser le tableau tabFDA